2023-11-01 17:51:51,791 [main] INFO nopCommerce - ********Launching browser********
2023-11-01 17:51:51,831 [main] INFO nopCommerce - ********Opening URL********
2023-11-01 17:51:56,485 [main] INFO nopCommerce - ********Providing login details********
2023-11-01 17:51:56,828 [main] INFO nopCommerce - ********started login********
2023-11-01 17:52:21,389 [main] INFO nopCommerce - ********Adding new customer********
2023-11-01 17:52:21,390 [main] INFO nopCommerce - ********Providing customer details********
2023-11-01 17:52:24,880 [main] INFO nopCommerce - ********Saving customer data********
2023-11-01 17:52:28,715 [main] INFO nopCommerce - ********closing browser********
2023-11-01 17:52:30,019 [main] INFO nopCommerce - ********Launching browser********
2023-11-01 17:52:30,025 [main] INFO nopCommerce - ********Opening URL********
2023-11-01 17:52:31,742 [main] INFO nopCommerce - ********Providing login details********
2023-11-01 17:52:32,020 [main] INFO nopCommerce - ********started login********
2023-11-01 17:52:41,884 [main] INFO nopCommerce - ********Searching customer by email id********
2023-11-01 17:52:46,302 [main] INFO nopCommerce - ********closing browser********
2023-11-01 17:52:47,565 [main] INFO nopCommerce - ********Launching browser********
2023-11-01 17:52:47,567 [main] INFO nopCommerce - ********Opening URL********
2023-11-01 17:52:48,451 [main] INFO nopCommerce - ********Providing login details********
2023-11-01 17:52:48,649 [main] INFO nopCommerce - ********started login********
2023-11-01 17:52:56,398 [main] INFO nopCommerce - ********Searching customer by Name********
2023-11-01 17:52:58,966 [main] INFO nopCommerce - ********closing browser********
2023-11-01 17:53:00,189 [main] INFO nopCommerce - ********Launching browser********
2023-11-01 17:53:00,191 [main] INFO nopCommerce - ********Opening URL********
2023-11-01 17:53:01,809 [main] INFO nopCommerce - ********Providing login details********
2023-11-01 17:53:02,016 [main] INFO nopCommerce - ********started login********
2023-11-01 17:53:05,294 [main] INFO nopCommerce - ********Login passed********
2023-11-01 17:53:05,305 [main] INFO nopCommerce - ********Click on logout link********
2023-11-01 17:53:09,798 [main] INFO nopCommerce - ********Login passed********
2023-11-01 17:53:09,813 [main] INFO nopCommerce - ********closing browser********
2023-11-01 17:53:11,086 [main] INFO nopCommerce - ********Launching browser********
2023-11-01 17:53:11,088 [main] INFO nopCommerce - ********Opening URL********
2023-11-01 17:53:13,023 [main] INFO nopCommerce - ********Providing login details********
2023-11-01 17:53:13,316 [main] INFO nopCommerce - ********started login********
2023-11-01 17:53:18,183 [main] INFO nopCommerce - ********Login passed********
2023-11-01 17:53:18,194 [main] INFO nopCommerce - ********Click on logout link********
2023-11-01 17:53:21,960 [main] INFO nopCommerce - ********Login passed********
2023-11-01 17:53:21,969 [main] INFO nopCommerce - ********closing browser********
2023-11-01 17:53:23,206 [main] INFO nopCommerce - ********Launching browser********
2023-11-01 17:53:23,207 [main] INFO nopCommerce - ********Opening URL********
2023-11-01 17:53:23,989 [main] INFO nopCommerce - ********Providing login details********
2023-11-01 17:53:24,202 [main] INFO nopCommerce - ********started login********
2023-11-01 17:53:24,798 [main] INFO nopCommerce - ********Login failed********
